292	4.000000	Peanut_Butter_Cookie/IMG_20180713_122625.jpg
160	2.000000	Hot_Dog_1/IMG_20180711_180650328.jpg
244	4.000000	Peanut_Butter_Cookie/IMG_20180711_194713371.jpg
132	2.000000	Hot_Dog_1/IMG_20180711_180400669_HDR.jpg
276	4.000000	Peanut_Butter_Cookie/IMG_20180711_194816799.jpg
222	3.000000	Muffin/UNADJUSTEDNONRAW_thumb_bbe.jpg
47	0.000000	Berry_Donut/IMG_20180711_181553159.jpg
78	0.000000	Berry_Donut/UNADJUSTEDNONRAW_thumb_a7a.jpg
137	2.000000	Hot_Dog_1/IMG_20180711_180423874.jpg
142	2.000000	Hot_Dog_1/IMG_20180711_180446447.jpg
220	3.000000	Muffin/UNADJUSTEDNONRAW_thumb_bbb.jpg
143	2.000000	Hot_Dog_1/IMG_20180711_180449768.jpg
21	0.000000	Berry_Donut/IMG_20180711_181514423.jpg
277	4.000000	Peanut_Butter_Cookie/IMG_20180711_194817776.jpg
69	0.000000	Berry_Donut/UNADJUSTEDNONRAW_thumb_a71.jpg
52	0.000000	Berry_Donut/IMG_20180711_181601582.jpg
155	2.000000	Hot_Dog_1/IMG_20180711_180624381.jpg
133	2.000000	Hot_Dog_1/IMG_20180711_180404276_HDR.jpg
299	4.000000	Peanut_Butter_Cookie/MVIMG_20180713_122610.jpg
33	0.000000	Berry_Donut/IMG_20180711_181530248.jpg
46	0.000000	Berry_Donut/IMG_20180711_181551527.jpg
97	1.000000	Glazed_Twist/IMG_20180711_193453363.jpg
32	0.000000	Berry_Donut/IMG_20180711_181529339.jpg
300	4.000000	Peanut_Butter_Cookie/MVIMG_20180713_122614.jpg
240	4.000000	Peanut_Butter_Cookie/IMG_20180711_194708448.jpg
77	0.000000	Berry_Donut/UNADJUSTEDNONRAW_thumb_a79.jpg
225	3.000000	Muffin/UNADJUSTEDNONRAW_thumb_bc2.jpg
153	2.000000	Hot_Dog_1/IMG_20180711_180535538.jpg
128	2.000000	Hot_Dog_1/IMG_20180711_180340780_HDR.jpg
59	0.000000	Berry_Donut/IMG_20180711_181612723.jpg
94	1.000000	Glazed_Twist/IMG_20180711_193448632.jpg
291	4.000000	Peanut_Butter_Cookie/IMG_20180713_122623.jpg
95	1.000000	Glazed_Twist/IMG_20180711_193450702.jpg
60	0.000000	Berry_Donut/IMG_20180711_181614295_BURST000_COVER_TOP.jpg
8	0.000000	Berry_Donut/IMG_1183.jpg
43	0.000000	Berry_Donut/IMG_20180711_181543684.jpg
44	0.000000	Berry_Donut/IMG_20180711_181547719.jpg
156	2.000000	Hot_Dog_1/IMG_20180711_180627348.jpg
127	2.000000	Hot_Dog_1/IMG_20180711_180333278.jpg
144	2.000000	Hot_Dog_1/IMG_20180711_180451901.jpg
81	1.000000	Glazed_Twist/IMG_20180711_193421352.jpg
6	0.000000	Berry_Donut/IMG_1181.jpg
181	3.000000	Muffin/IMG_1414.jpg
280	4.000000	Peanut_Butter_Cookie/IMG_20180711_194822796.jpg
36	0.000000	Berry_Donut/IMG_20180711_181535177.jpg
84	1.000000	Glazed_Twist/IMG_20180711_193428363.jpg
234	4.000000	Peanut_Butter_Cookie/IMG_1208.jpg
147	2.000000	Hot_Dog_1/IMG_20180711_180506902.jpg
284	4.000000	Peanut_Butter_Cookie/IMG_20180711_194828415.jpg
279	4.000000	Peanut_Butter_Cookie/IMG_20180711_194820179.jpg
5	0.000000	Berry_Donut/IMG_1180.jpg
282	4.000000	Peanut_Butter_Cookie/IMG_20180711_194825731.jpg
298	4.000000	Peanut_Butter_Cookie/IMG_20180713_122635.jpg
265	4.000000	Peanut_Butter_Cookie/IMG_20180711_194753290_HDR.jpg
114	1.000000	Glazed_Twist/IMG_20180711_193528090.jpg
273	4.000000	Peanut_Butter_Cookie/IMG_20180711_194810653.jpg
231	4.000000	Peanut_Butter_Cookie/IMG_1205.jpg
118	1.000000	Glazed_Twist/IMG_20180711_193537126.jpg
226	3.000000	Muffin/UNADJUSTEDNONRAW_thumb_bc3.jpg
39	0.000000	Berry_Donut/IMG_20180711_181540716.jpg
193	3.000000	Muffin/IMG_1428.jpg
7	0.000000	Berry_Donut/IMG_1182.jpg
67	0.000000	Berry_Donut/UNADJUSTEDNONRAW_thumb_a6e.jpg
16	0.000000	Berry_Donut/IMG_20180711_181504890.jpg
108	1.000000	Glazed_Twist/IMG_20180711_193515311.jpg
214	3.000000	Muffin/IMG_20180713_123221.jpg
285	4.000000	Peanut_Butter_Cookie/IMG_20180713_122604.jpg
195	3.000000	Muffin/IMG_20180713_123139.jpg
246	4.000000	Peanut_Butter_Cookie/IMG_20180711_194715454.jpg
250	4.000000	Peanut_Butter_Cookie/IMG_20180711_194725503.jpg
212	3.000000	Muffin/IMG_20180713_123219.jpg
238	4.000000	Peanut_Butter_Cookie/IMG_1212.jpg
190	3.000000	Muffin/IMG_1423.jpg
73	0.000000	Berry_Donut/UNADJUSTEDNONRAW_thumb_a75.jpg
263	4.000000	Peanut_Butter_Cookie/IMG_20180711_194750201.jpg
27	0.000000	Berry_Donut/IMG_20180711_181522322.jpg
289	4.000000	Peanut_Butter_Cookie/IMG_20180713_122618_1.jpg
57	0.000000	Berry_Donut/IMG_20180711_181609792.jpg
90	1.000000	Glazed_Twist/IMG_20180711_193442879.jpg
130	2.000000	Hot_Dog_1/IMG_20180711_180347407_HDR.jpg
22	0.000000	Berry_Donut/IMG_20180711_181515411.jpg
161	2.000000	Hot_Dog_1/IMG_20180711_180654006.jpg
140	2.000000	Hot_Dog_1/IMG_20180711_180434394_BURST001.jpg
295	4.000000	Peanut_Butter_Cookie/IMG_20180713_122630.jpg
112	1.000000	Glazed_Twist/IMG_20180711_193525026.jpg
124	2.000000	Hot_Dog_1/IMG_20180711_180306878.jpg
20	0.000000	Berry_Donut/IMG_20180711_181513251.jpg
18	0.000000	Berry_Donut/IMG_20180711_181508641.jpg
207	3.000000	Muffin/IMG_20180713_123200.jpg
100	1.000000	Glazed_Twist/IMG_20180711_193458999.jpg
252	4.000000	Peanut_Butter_Cookie/IMG_20180711_194731018.jpg
88	1.000000	Glazed_Twist/IMG_20180711_193439104.jpg
103	1.000000	Glazed_Twist/IMG_20180711_193504128.jpg
110	1.000000	Glazed_Twist/IMG_20180711_193518763.jpg
154	2.000000	Hot_Dog_1/IMG_20180711_180537238.jpg
93	1.000000	Glazed_Twist/IMG_20180711_193447799.jpg
120	1.000000	Glazed_Twist/IMG_20180711_193539989.jpg
199	3.000000	Muffin/IMG_20180713_123144.jpg
245	4.000000	Peanut_Butter_Cookie/IMG_20180711_194714134.jpg
165	2.000000	Hot_Dog_1/IMG_20180711_180716148.jpg
45	0.000000	Berry_Donut/IMG_20180711_181549926.jpg
248	4.000000	Peanut_Butter_Cookie/IMG_20180711_194717415.jpg
219	3.000000	Muffin/UNADJUSTEDNONRAW_thumb_bba.jpg
267	4.000000	Peanut_Butter_Cookie/IMG_20180711_194801865.jpg
80	0.000000	Berry_Donut/UNADJUSTEDNONRAW_thumb_a7c.jpg
239	4.000000	Peanut_Butter_Cookie/IMG_20180711_194707101.jpg
275	4.000000	Peanut_Butter_Cookie/IMG_20180711_194813228.jpg
270	4.000000	Peanut_Butter_Cookie/IMG_20180711_194805738.jpg
146	2.000000	Hot_Dog_1/IMG_20180711_180458142.jpg
28	0.000000	Berry_Donut/IMG_20180711_181523114.jpg
10	0.000000	Berry_Donut/IMG_1185.jpg
211	3.000000	Muffin/IMG_20180713_123218.jpg
1	0.000000	Berry_Donut/IMG_1176.jpg
51	0.000000	Berry_Donut/IMG_20180711_181600688.jpg
185	3.000000	Muffin/IMG_1418.jpg
148	2.000000	Hot_Dog_1/IMG_20180711_180510172.jpg
71	0.000000	Berry_Donut/UNADJUSTEDNONRAW_thumb_a73.jpg
136	2.000000	Hot_Dog_1/IMG_20180711_180420838.jpg
187	3.000000	Muffin/IMG_1420.jpg
119	1.000000	Glazed_Twist/IMG_20180711_193538930.jpg
4	0.000000	Berry_Donut/IMG_1179.jpg
243	4.000000	Peanut_Butter_Cookie/IMG_20180711_194712496.jpg
101	1.000000	Glazed_Twist/IMG_20180711_193501304.jpg
125	2.000000	Hot_Dog_1/IMG_20180711_180309442.jpg
0	0.000000	Berry_Donut/IMG_1175.jpg
34	0.000000	Berry_Donut/IMG_20180711_181532979.jpg
169	2.000000	Hot_Dog_1/IMG_20180711_180733892.jpg
278	4.000000	Peanut_Butter_Cookie/IMG_20180711_194818878.jpg
162	2.000000	Hot_Dog_1/IMG_20180711_180703269.jpg
58	0.000000	Berry_Donut/IMG_20180711_181611193.jpg
48	0.000000	Berry_Donut/IMG_20180711_181555458.jpg
172	2.000000	Hot_Dog_1/IMG_20180711_180742537.jpg
66	0.000000	Berry_Donut/UNADJUSTEDNONRAW_thumb_a6d.jpg
150	2.000000	Hot_Dog_1/IMG_20180711_180514163.jpg
68	0.000000	Berry_Donut/UNADJUSTEDNONRAW_thumb_a6f.jpg
19	0.000000	Berry_Donut/IMG_20180711_181510505.jpg
105	1.000000	Glazed_Twist/IMG_20180711_193513271.jpg
296	4.000000	Peanut_Butter_Cookie/IMG_20180713_122631.jpg
215	3.000000	Muffin/UNADJUSTEDNONRAW_thumb_bb6.jpg
106	1.000000	Glazed_Twist/IMG_20180711_193514300_BURST000_COVER_TOP.jpg
274	4.000000	Peanut_Butter_Cookie/IMG_20180711_194812190.jpg
203	3.000000	Muffin/IMG_20180713_123151.jpg
223	3.000000	Muffin/UNADJUSTEDNONRAW_thumb_bbf.jpg
188	3.000000	Muffin/IMG_1421.jpg
242	4.000000	Peanut_Butter_Cookie/IMG_20180711_194711508.jpg
115	1.000000	Glazed_Twist/IMG_20180711_193530365.jpg
163	2.000000	Hot_Dog_1/IMG_20180711_180707201.jpg
109	1.000000	Glazed_Twist/IMG_20180711_193516259.jpg
241	4.000000	Peanut_Butter_Cookie/IMG_20180711_194710778.jpg
157	2.000000	Hot_Dog_1/IMG_20180711_180634680.jpg
175	2.000000	Hot_Dog_1/IMG_20180711_180750497.jpg
17	0.000000	Berry_Donut/IMG_20180711_181506212.jpg
228	3.000000	Muffin/UNADJUSTEDNONRAW_thumb_bc5.jpg
31	0.000000	Berry_Donut/IMG_20180711_181528406.jpg
23	0.000000	Berry_Donut/IMG_20180711_181516412.jpg
54	0.000000	Berry_Donut/IMG_20180711_181604519.jpg
35	0.000000	Berry_Donut/IMG_20180711_181533819.jpg
167	2.000000	Hot_Dog_1/IMG_20180711_180723791.jpg
287	4.000000	Peanut_Butter_Cookie/IMG_20180713_122611.jpg
40	0.000000	Berry_Donut/IMG_20180711_181541953_BURST000_COVER_TOP.jpg
269	4.000000	Peanut_Butter_Cookie/IMG_20180711_194804288.jpg
50	0.000000	Berry_Donut/IMG_20180711_181559689.jpg
170	2.000000	Hot_Dog_1/IMG_20180711_180736271.jpg
184	3.000000	Muffin/IMG_1417.jpg
266	4.000000	Peanut_Butter_Cookie/IMG_20180711_194754785_HDR.jpg
290	4.000000	Peanut_Butter_Cookie/IMG_20180713_122621.jpg
113	1.000000	Glazed_Twist/IMG_20180711_193527001.jpg
9	0.000000	Berry_Donut/IMG_1184.jpg
139	2.000000	Hot_Dog_1/IMG_20180711_180434394_BURST000_COVER_TOP.jpg
122	2.000000	Hot_Dog_1/IMG_20180711_180255550.jpg
164	2.000000	Hot_Dog_1/IMG_20180711_180711783.jpg
168	2.000000	Hot_Dog_1/IMG_20180711_180730969.jpg
253	4.000000	Peanut_Butter_Cookie/IMG_20180711_194731973.jpg
38	0.000000	Berry_Donut/IMG_20180711_181539084.jpg
213	3.000000	Muffin/IMG_20180713_123220.jpg
251	4.000000	Peanut_Butter_Cookie/IMG_20180711_194726566.jpg
256	4.000000	Peanut_Butter_Cookie/IMG_20180711_194737769_BURST000_COVER_TOP.jpg
99	1.000000	Glazed_Twist/IMG_20180711_193457071.jpg
11	0.000000	Berry_Donut/IMG_20180711_181449218.jpg
53	0.000000	Berry_Donut/IMG_20180711_181603120.jpg
297	4.000000	Peanut_Butter_Cookie/IMG_20180713_122633.jpg
204	3.000000	Muffin/IMG_20180713_123157.jpg
197	3.000000	Muffin/IMG_20180713_123141.jpg
49	0.000000	Berry_Donut/IMG_20180711_181557563.jpg
260	4.000000	Peanut_Butter_Cookie/IMG_20180711_194743536.jpg
29	0.000000	Berry_Donut/IMG_20180711_181524039.jpg
247	4.000000	Peanut_Butter_Cookie/IMG_20180711_194716424.jpg
3	0.000000	Berry_Donut/IMG_1178.jpg
116	1.000000	Glazed_Twist/IMG_20180711_193533090.jpg
262	4.000000	Peanut_Butter_Cookie/IMG_20180711_194749125.jpg
281	4.000000	Peanut_Butter_Cookie/IMG_20180711_194824747.jpg
145	2.000000	Hot_Dog_1/IMG_20180711_180453736.jpg
186	3.000000	Muffin/IMG_1419.jpg
191	3.000000	Muffin/IMG_1426.jpg
230	3.000000	Muffin/UNADJUSTEDNONRAW_thumb_bc7.jpg
55	0.000000	Berry_Donut/IMG_20180711_181605851.jpg
159	2.000000	Hot_Dog_1/IMG_20180711_180642972.jpg
288	4.000000	Peanut_Butter_Cookie/IMG_20180713_122618.jpg
79	0.000000	Berry_Donut/UNADJUSTEDNONRAW_thumb_a7b.jpg
293	4.000000	Peanut_Butter_Cookie/IMG_20180713_122626.jpg
152	2.000000	Hot_Dog_1/IMG_20180711_180534047.jpg
200	3.000000	Muffin/IMG_20180713_123145.jpg
12	0.000000	Berry_Donut/IMG_20180711_181451169.jpg
254	4.000000	Peanut_Butter_Cookie/IMG_20180711_194733849.jpg
30	0.000000	Berry_Donut/IMG_20180711_181527443.jpg
178	2.000000	Hot_Dog_1/IMG_20180711_180757770.jpg
224	3.000000	Muffin/UNADJUSTEDNONRAW_thumb_bc0.jpg
70	0.000000	Berry_Donut/UNADJUSTEDNONRAW_thumb_a72.jpg
271	4.000000	Peanut_Butter_Cookie/IMG_20180711_194807411.jpg
261	4.000000	Peanut_Butter_Cookie/IMG_20180711_194744758.jpg
42	0.000000	Berry_Donut/IMG_20180711_181542947.jpg
264	4.000000	Peanut_Butter_Cookie/IMG_20180711_194751101.jpg
217	3.000000	Muffin/UNADJUSTEDNONRAW_thumb_bb8.jpg
173	2.000000	Hot_Dog_1/IMG_20180711_180744726.jpg
14	0.000000	Berry_Donut/IMG_20180711_181502303.jpg
37	0.000000	Berry_Donut/IMG_20180711_181537423.jpg
65	0.000000	Berry_Donut/UNADJUSTEDNONRAW_thumb_a6c.jpg
149	2.000000	Hot_Dog_1/IMG_20180711_180511935_HDR.jpg
255	4.000000	Peanut_Butter_Cookie/IMG_20180711_194734929.jpg
205	3.000000	Muffin/IMG_20180713_123158.jpg
131	2.000000	Hot_Dog_1/IMG_20180711_180352445.jpg
196	3.000000	Muffin/IMG_20180713_123140.jpg
294	4.000000	Peanut_Butter_Cookie/IMG_20180713_122628.jpg
249	4.000000	Peanut_Butter_Cookie/IMG_20180711_194719959.jpg
180	2.000000	Hot_Dog_1/IMG_20180711_180808861_HDR.jpg
210	3.000000	Muffin/IMG_20180713_123203.jpg
216	3.000000	Muffin/UNADJUSTEDNONRAW_thumb_bb7.jpg
61	0.000000	Berry_Donut/IMG_20180711_181614295_BURST001.jpg
257	4.000000	Peanut_Butter_Cookie/IMG_20180711_194740343.jpg
111	1.000000	Glazed_Twist/IMG_20180711_193523562.jpg
166	2.000000	Hot_Dog_1/IMG_20180711_180719965.jpg
76	0.000000	Berry_Donut/UNADJUSTEDNONRAW_thumb_a78.jpg
227	3.000000	Muffin/UNADJUSTEDNONRAW_thumb_bc4.jpg
25	0.000000	Berry_Donut/IMG_20180711_181520549.jpg
208	3.000000	Muffin/IMG_20180713_123201.jpg
15	0.000000	Berry_Donut/IMG_20180711_181503342.jpg
194	3.000000	Muffin/IMG_1429.jpg
102	1.000000	Glazed_Twist/IMG_20180711_193502761.jpg
123	2.000000	Hot_Dog_1/IMG_20180711_180300237.jpg
268	4.000000	Peanut_Butter_Cookie/IMG_20180711_194803050.jpg
218	3.000000	Muffin/UNADJUSTEDNONRAW_thumb_bb9.jpg
138	2.000000	Hot_Dog_1/IMG_20180711_180427808.jpg
87	1.000000	Glazed_Twist/IMG_20180711_193438129.jpg
174	2.000000	Hot_Dog_1/IMG_20180711_180746701.jpg
135	2.000000	Hot_Dog_1/IMG_20180711_180414037_HDR.jpg
86	1.000000	Glazed_Twist/IMG_20180711_193437141.jpg
151	2.000000	Hot_Dog_1/IMG_20180711_180516951.jpg
176	2.000000	Hot_Dog_1/IMG_20180711_180752528.jpg
301	4.000000	Peanut_Butter_Cookie/MVIMG_20180713_122616.jpg
182	3.000000	Muffin/IMG_1415.jpg
129	2.000000	Hot_Dog_1/IMG_20180711_180343783_HDR.jpg
237	4.000000	Peanut_Butter_Cookie/IMG_1211.jpg
258	4.000000	Peanut_Butter_Cookie/IMG_20180711_194741671.jpg
283	4.000000	Peanut_Butter_Cookie/IMG_20180711_194827490.jpg
183	3.000000	Muffin/IMG_1416.jpg
126	2.000000	Hot_Dog_1/IMG_20180711_180325841.jpg
26	0.000000	Berry_Donut/IMG_20180711_181521442.jpg
64	0.000000	Berry_Donut/IMG_20180711_181618601.jpg
198	3.000000	Muffin/IMG_20180713_123142_1.jpg
229	3.000000	Muffin/UNADJUSTEDNONRAW_thumb_bc6.jpg
121	1.000000	Glazed_Twist/IMG_20180711_193540926.jpg
13	0.000000	Berry_Donut/IMG_20180711_181501010.jpg
85	1.000000	Glazed_Twist/IMG_20180711_193430655.jpg
98	1.000000	Glazed_Twist/IMG_20180711_193455654.jpg
83	1.000000	Glazed_Twist/IMG_20180711_193425215.jpg
75	0.000000	Berry_Donut/UNADJUSTEDNONRAW_thumb_a77.jpg
202	3.000000	Muffin/IMG_20180713_123150.jpg
2	0.000000	Berry_Donut/IMG_1177.jpg
92	1.000000	Glazed_Twist/IMG_20180711_193444958.jpg
63	0.000000	Berry_Donut/IMG_20180711_181617667.jpg
82	1.000000	Glazed_Twist/IMG_20180711_193423829.jpg
192	3.000000	Muffin/IMG_1427.jpg
141	2.000000	Hot_Dog_1/IMG_20180711_180437424.jpg
236	4.000000	Peanut_Butter_Cookie/IMG_1210.jpg
206	3.000000	Muffin/IMG_20180713_123159.jpg
107	1.000000	Glazed_Twist/IMG_20180711_193514300_BURST001.jpg
209	3.000000	Muffin/IMG_20180713_123202.jpg
189	3.000000	Muffin/IMG_1422.jpg
177	2.000000	Hot_Dog_1/IMG_20180711_180753664.jpg
96	1.000000	Glazed_Twist/IMG_20180711_193451737.jpg
72	0.000000	Berry_Donut/UNADJUSTEDNONRAW_thumb_a74.jpg
91	1.000000	Glazed_Twist/IMG_20180711_193444001.jpg
286	4.000000	Peanut_Butter_Cookie/IMG_20180713_122607.jpg
158	2.000000	Hot_Dog_1/IMG_20180711_180638011.jpg
117	1.000000	Glazed_Twist/IMG_20180711_193535661.jpg
171	2.000000	Hot_Dog_1/IMG_20180711_180737872.jpg
104	1.000000	Glazed_Twist/IMG_20180711_193506431.jpg
24	0.000000	Berry_Donut/IMG_20180711_181519640.jpg
134	2.000000	Hot_Dog_1/IMG_20180711_180409691.jpg
233	4.000000	Peanut_Butter_Cookie/IMG_1207.jpg
41	0.000000	Berry_Donut/IMG_20180711_181541953_BURST001.jpg
62	0.000000	Berry_Donut/IMG_20180711_181615498.jpg
272	4.000000	Peanut_Butter_Cookie/IMG_20180711_194809577.jpg
56	0.000000	Berry_Donut/IMG_20180711_181607260.jpg
259	4.000000	Peanut_Butter_Cookie/IMG_20180711_194742455.jpg
221	3.000000	Muffin/UNADJUSTEDNONRAW_thumb_bbd.jpg
179	2.000000	Hot_Dog_1/IMG_20180711_180802131.jpg
201	3.000000	Muffin/IMG_20180713_123149.jpg
89	1.000000	Glazed_Twist/IMG_20180711_193440765.jpg
232	4.000000	Peanut_Butter_Cookie/IMG_1206.jpg
235	4.000000	Peanut_Butter_Cookie/IMG_1209.jpg
74	0.000000	Berry_Donut/UNADJUSTEDNONRAW_thumb_a76.jpg
